<?xml version="1.0" encoding="UTF-8"?>
<testng-results ignored="0" total="1" passed="1" failed="0" skipped="0">
  <reporter-output>
  </reporter-output>
  <suite started-at="2024-07-07T00:25:39 IST" name="Default suite" finished-at="2024-07-07T00:26:00 IST" duration-ms="21153">
    <groups>
    </groups>
    <test started-at="2024-07-07T00:25:39 IST" name="Default test" finished-at="2024-07-07T00:26:00 IST" duration-ms="21153">
      <class name="Task.mouse_hover">
        <test-method is-config="true" signature="bt()[pri:0, instance:Task.mouse_hover@6574a52c]" started-at="2024-07-07T00:25:39 IST" name="bt" finished-at="2024-07-07T00:25:47 IST" duration-ms="8024" status="PASS">
          <reporter-output>
          </reporter-output>
        </test-method> <!-- bt -->
        <test-method signature="hover()[pri:0, instance:Task.mouse_hover@6574a52c]" started-at="2024-07-07T00:25:47 IST" name="hover" finished-at="2024-07-07T00:26:00 IST" duration-ms="13008" status="PASS">
          <reporter-output>
          </reporter-output>
        </test-method> <!-- hover -->
      </class> <!-- Task.mouse_hover -->
    </test> <!-- Default test -->
  </suite> <!-- Default suite -->
</testng-results>
